2023-04-27 12:53:20.600  INFO 3668 --- [restartedMain] c.V.V.VendingMachine01Application        : Starting VendingMachine01Application using Java 11.0.16 on CHN-LAP-HEMANTH with PID 3668 (D:\to show in interview\web page\27-1-23 added complete web application -web page\VendingMachine01\target\classes started by hraghuraman in D:\to show in interview\web page\27-1-23 added complete web application -web page\VendingMachine01)
2023-04-27 12:53:20.622  INFO 3668 --- [restartedMain] c.V.V.VendingMachine01Application        : No active profile set, falling back to 1 default profile: "default"
2023-04-27 12:53:20.794  INFO 3668 --- [restartedMain] .e.DevToolsPropertyDefaultsPostProcessor : Devtools property defaults active! Set 'spring.devtools.add-properties' to 'false' to disable
2023-04-27 12:53:20.797  INFO 3668 --- [restartedMain] .e.DevToolsPropertyDefaultsPostProcessor : For additional web related logging consider setting the 'logging.level.web' property to 'DEBUG'
2023-04-27 12:53:22.487  INFO 3668 --- [restartedMain] .s.d.r.c.RepositoryConfigurationDelegate : Multiple Spring Data modules found, entering strict repository configuration mode
2023-04-27 12:53:22.489  INFO 3668 --- [restartedMain] .s.d.r.c.RepositoryConfigurationDelegate : Bootstrapping Spring Data JDBC repositories in DEFAULT mode.
2023-04-27 12:53:22.505  INFO 3668 --- [restartedMain] .s.d.r.c.RepositoryConfigurationDelegate : Finished Spring Data repository scanning in 10 ms. Found 0 JDBC repository interfaces.
2023-04-27 12:53:22.515  INFO 3668 --- [restartedMain] .s.d.r.c.RepositoryConfigurationDelegate : Multiple Spring Data modules found, entering strict repository configuration mode
2023-04-27 12:53:22.516  INFO 3668 --- [restartedMain] .s.d.r.c.RepositoryConfigurationDelegate : Bootstrapping Spring Data JPA repositories in DEFAULT mode.
2023-04-27 12:53:22.527  INFO 3668 --- [restartedMain] .s.d.r.c.RepositoryConfigurationDelegate : Finished Spring Data repository scanning in 3 ms. Found 0 JPA repository interfaces.
2023-04-27 12:53:24.331  INFO 3668 --- [restartedMain] o.s.b.w.embedded.tomcat.TomcatWebServer  : Tomcat initialized with port(s): 8080 (http)
2023-04-27 12:53:24.344  INFO 3668 --- [restartedMain] o.apache.catalina.core.StandardService   : Starting service [Tomcat]
2023-04-27 12:53:24.345  INFO 3668 --- [restartedMain] org.apache.catalina.core.StandardEngine  : Starting Servlet engine: [Apache Tomcat/9.0.68]
2023-04-27 12:53:24.873  INFO 3668 --- [restartedMain] org.apache.jasper.servlet.TldScanner     : At least one JAR was scanned for TLDs yet contained no TLDs. Enable debug logging for this logger for a complete list of JARs that were scanned but no TLDs were found in them. Skipping unneeded JARs during scanning can improve startup time and JSP compilation time.
2023-04-27 12:53:24.908  INFO 3668 --- [restartedMain] o.a.c.c.C.[Tomcat].[localhost].[/]       : Initializing Spring embedded WebApplicationContext
2023-04-27 12:53:24.908  INFO 3668 --- [restartedMain] w.s.c.ServletWebServerApplicationContext : Root WebApplicationContext: initialization completed in 4110 ms
2023-04-27 12:53:25.351  INFO 3668 --- [restartedMain] o.f.c.internal.license.VersionPrinter    : Flyway Community Edition 8.5.13 by Redgate
2023-04-27 12:53:25.351  INFO 3668 --- [restartedMain] o.f.c.internal.license.VersionPrinter    : See what's new here: https://flywaydb.org/documentation/learnmore/releaseNotes#8.5.13
2023-04-27 12:53:25.351  INFO 3668 --- [restartedMain] o.f.c.internal.license.VersionPrinter    : 
2023-04-27 12:53:26.348  INFO 3668 --- [restartedMain] o.f.c.i.database.base.BaseDatabaseType   : Database: jdbc:mysql://localhost:3306/flywaydemo (MySQL 8.0)
2023-04-27 12:53:26.511  INFO 3668 --- [restartedMain] o.f.core.internal.command.DbValidate     : Successfully validated 2 migrations (execution time 00:00.087s)
2023-04-27 12:53:26.523  INFO 3668 --- [restartedMain] o.f.core.internal.command.DbMigrate      : Current version of schema `flywaydemo`: 2
2023-04-27 12:53:26.525  INFO 3668 --- [restartedMain] o.f.core.internal.command.DbMigrate      : Schema `flywaydemo` is up to date. No migration necessary.
2023-04-27 12:53:26.806  INFO 3668 --- [restartedMain] com.zaxxer.hikari.HikariDataSource       : HikariPool-1 - Starting...
2023-04-27 12:53:26.832  INFO 3668 --- [restartedMain] com.zaxxer.hikari.HikariDataSource       : HikariPool-1 - Start completed.
2023-04-27 12:53:26.960  INFO 3668 --- [restartedMain] o.hibernate.jpa.internal.util.LogHelper  : HHH000204: Processing PersistenceUnitInfo [name: default]
2023-04-27 12:53:27.079  INFO 3668 --- [restartedMain] org.hibernate.Version                    : HHH000412: Hibernate ORM core version 5.6.12.Final
2023-04-27 12:53:27.499  INFO 3668 --- [restartedMain] o.hibernate.annotations.common.Version   : HCANN000001: Hibernate Commons Annotations {5.1.2.Final}
2023-04-27 12:53:27.750  INFO 3668 --- [restartedMain] org.hibernate.dialect.Dialect            : HHH000400: Using dialect: org.hibernate.dialect.MySQL8Dialect
2023-04-27 12:53:28.605  INFO 3668 --- [restartedMain] o.h.e.t.j.p.i.JtaPlatformInitiator       : HHH000490: Using JtaPlatform implementation: [org.hibernate.engine.transaction.jta.platform.internal.NoJtaPlatform]
2023-04-27 12:53:28.613  INFO 3668 --- [restartedMain] j.LocalContainerEntityManagerFactoryBean : Initialized JPA EntityManagerFactory for persistence unit 'default'
2023-04-27 12:53:28.864  WARN 3668 --- [restartedMain] JpaBaseConfiguration$JpaWebConfiguration : spring.jpa.open-in-view is enabled by default. Therefore, database queries may be performed during view rendering. Explicitly configure spring.jpa.open-in-view to disable this warning
2023-04-27 12:53:30.269  INFO 3668 --- [restartedMain] o.s.b.d.a.OptionalLiveReloadServer       : LiveReload server is running on port 35729
2023-04-27 12:53:30.274  INFO 3668 --- [restartedMain] o.s.b.a.e.web.EndpointLinksResolver      : Exposing 15 endpoint(s) beneath base path '/actuator'
2023-04-27 12:53:30.355  INFO 3668 --- [restartedMain] o.s.b.w.embedded.tomcat.TomcatWebServer  : Tomcat started on port(s): 8080 (http) with context path ''
2023-04-27 12:53:30.369  INFO 3668 --- [restartedMain] c.V.V.VendingMachine01Application        : Started VendingMachine01Application in 10.762 seconds (JVM running for 11.983)
2023-04-27 12:53:36.175  INFO 3668 --- [SpringApplicationShutdownHook] j.LocalContainerEntityManagerFactoryBean : Closing JPA EntityManagerFactory for persistence unit 'default'
2023-04-27 12:53:36.195  INFO 3668 --- [SpringApplicationShutdownHook] com.zaxxer.hikari.HikariDataSource       : HikariPool-1 - Shutdown initiated...
2023-04-27 12:53:36.200  INFO 3668 --- [SpringApplicationShutdownHook] com.zaxxer.hikari.HikariDataSource       : HikariPool-1 - Shutdown completed.
